<?xml version="1.0" encoding="UTF-8"?>
<testng-results ignored="0" total="0" passed="0" failed="0" skipped="0">
  <reporter-output>
  </reporter-output>
  <suite started-at="2026-01-21T16:24:41 IST" name="Travel Insurance Automation Suite" finished-at="2026-01-21T16:24:41 IST" duration-ms="3">
    <groups>
    </groups>
    <test started-at="2026-01-21T16:24:41 IST" name="Travel Insurance Tests" finished-at="2026-01-21T16:24:41 IST" duration-ms="3">
    </test> <!-- Travel Insurance Tests -->
  </suite> <!-- Travel Insurance Automation Suite -->
</testng-results>
